<?xml version="1.0" encoding="UTF-8"?>
<!-- Generated by org.testng.reporters.JUnitReportReporter -->
<testsuite hostname="LAPTOP-2HGBSJMG" failures="0" tests="1" name="com.flipkart.qa.testcases.FKLoginPageTest" time="25.741" errors="0" timestamp="2021-09-07T16:46:38 IST" skipped="0">
  <testcase classname="com.flipkart.qa.testcases.FKLoginPageTest" name="validateLoginTest" time="25.741"/>
  <system-out/>
</testsuite> <!-- com.flipkart.qa.testcases.FKLoginPageTest -->
