<?xml version="1.0" encoding="UTF-8"?>
<!-- Generated by org.testng.reporters.JUnitReportReporter -->
<testsuite hostname="LAPTOP-2HGBSJMG" failures="0" tests="1" name="com.flipkart.qa.testcases.FKHomePageTest" time="26.274" errors="0" timestamp="2021-09-07T16:47:19 IST" skipped="0">
  <testcase classname="com.flipkart.qa.testcases.FKHomePageTest" name="validatefashionlinkTest" time="26.274"/>
  <system-out/>
</testsuite> <!-- com.flipkart.qa.testcases.FKHomePageTest -->
