<?xml version="1.0" encoding="UTF-8"?>
<!-- Generated by org.testng.reporters.JUnitReportReporter -->
<testsuite hostname="LAPTOP-2HGBSJMG" failures="0" tests="5" name="com.flipkart.qa.testcases.FKLandingPageTest" time="164.440" errors="0" timestamp="2021-09-03T22:04:05 IST" skipped="0">
  <testcase classname="com.flipkart.qa.testcases.FKLandingPageTest" name="validateLoginLinkClickTest" time="32.310"/>
  <system-out/>
  <testcase classname="com.flipkart.qa.testcases.FKLandingPageTest" name="validateLandingPagetitleTest" time="32.160"/>
  <system-out/>
  <testcase classname="com.flipkart.qa.testcases.FKLandingPageTest" name="validateLoginLinkPresentTest" time="48.924"/>
  <system-out/>
  <testcase classname="com.flipkart.qa.testcases.FKLandingPageTest" name="validateMobileLinkPresentTest" time="24.903"/>
  <system-out/>
  <testcase classname="com.flipkart.qa.testcases.FKLandingPageTest" name="validateCareersLinkPresentTest" time="26.143"/>
  <system-out/>
</testsuite> <!-- com.flipkart.qa.testcases.FKLandingPageTest -->
