<?xml version="1.0" encoding="UTF-8"?>
<!-- Generated by org.testng.reporters.JUnitReportReporter -->
<testsuite hostname="LAPTOP-2HGBSJMG" failures="0" tests="1" name="com.flipkart.qa.testcases.FKLoginPageTest" time="24.235" errors="0" timestamp="2021-09-06T14:25:52 IST" skipped="0">
  <testcase classname="com.flipkart.qa.testcases.FKLoginPageTest" name="validateLoginTest" time="24.235"/>
  <system-out/>
</testsuite> <!-- com.flipkart.qa.testcases.FKLoginPageTest -->
