<?xml version="1.0" encoding="UTF-8"?>
<!-- Generated by org.testng.reporters.JUnitReportReporter -->
<testsuite hostname="LAPTOP-2HGBSJMG" failures="0" tests="5" name="com.flipkart.qa.testcases.FKLandingPageTest" time="133.045" errors="0" timestamp="2021-09-06T14:25:52 IST" skipped="0">
  <testcase classname="com.flipkart.qa.testcases.FKLandingPageTest" name="validateLoginLinkClickTest" time="35.948"/>
  <system-out/>
  <testcase classname="com.flipkart.qa.testcases.FKLandingPageTest" name="validateLandingPagetitleTest" time="18.787"/>
  <system-out/>
  <testcase classname="com.flipkart.qa.testcases.FKLandingPageTest" name="validateLoginLinkPresentTest" time="23.402"/>
  <system-out/>
  <testcase classname="com.flipkart.qa.testcases.FKLandingPageTest" name="validateMobileLinkPresentTest" time="35.590"/>
  <system-out/>
  <testcase classname="com.flipkart.qa.testcases.FKLandingPageTest" name="validateCareersLinkPresentTest" time="19.318"/>
  <system-out/>
</testsuite> <!-- com.flipkart.qa.testcases.FKLandingPageTest -->
